#
# There is insufficient memory for the Java Runtime Environment to continue.
# Native memory allocation (mmap) failed to map 65536 bytes for Failed to commit metaspace.
# Possible reasons:
#   The system is out of physical RAM or swap space
#   The process is running with CompressedOops enabled, and the Java Heap may be blocking the growth of the native heap
# Possible solutions:
#   Reduce memory load on the system
#   Increase physical memory or swap space
#   Check if swap backing store is full
#   Decrease Java heap size (-Xmx/-Xms)
#   Decrease number of Java threads
#   Decrease Java thread stack sizes (-Xss)
#   Set larger code cache with -XX:ReservedCodeCacheSize=
#   JVM is running with Unscaled Compressed Oops mode in which the Java heap is
#     placed in the first 4GB address space. The Java Heap base address is the
#     maximum limit for the native heap growth. Please use -XX:HeapBaseMinAddress
#     to set the Java Heap base and to place the Java Heap above 4GB virtual address.
# This output file may be truncated or incomplete.
#
#  Out of Memory Error (virtualSpaceNode.cpp:110), pid=304, tid=17220
#
# JRE version:  (17.0.6+10) (build )
# Java VM: OpenJDK 64-Bit Server VM (17.0.6+10, mixed mode, tiered, compressed oops, compressed class ptrs, parallel gc, windows-amd64)
# No core dump will be written. Minidumps are not enabled by default on client versions of Windows
#

---------------  S U M M A R Y ------------

Command Line: --add-modules=ALL-SYSTEM --add-opens=java.base/java.util=ALL-UNNAMED --add-opens=java.base/java.lang=ALL-UNNAMED --add-opens=java.base/sun.nio.fs=ALL-UNNAMED -Declipse.application=org.eclipse.jdt.ls.core.id1 -Dosgi.bundles.defaultStartLevel=4 -Declipse.product=org.eclipse.jdt.ls.core.product -Djava.import.generatesMetadataFilesAtProjectRoot=false -Dfile.encoding=utf8 -XX:+UseParallelGC -XX:GCTimeRatio=4 -XX:AdaptiveSizePolicyWeight=90 -Dsun.zip.disableMemoryMapping=true -Xmx1G -Xms100m -Xlog:disable -javaagent:c:\Users\Siddharth Ray\.vscode\extensions\redhat.java-1.17.0-win32-x64\lombok\lombok-1.18.24.jar -XX:+HeapDumpOnOutOfMemoryError -XX:HeapDumpPath=c:\Users\Siddharth Ray\AppData\Roaming\Code\User\workspaceStorage\64797772afeb7d9acb83384f75050922\redhat.java -Daether.dependencyCollector.impl=bf c:\Users\Siddharth Ray\.vscode\extensions\redhat.java-1.17.0-win32-x64\server\plugins\org.eclipse.equinox.launcher_1.6.400.v20210924-0641.jar -configuration c:\Users\Siddharth Ray\AppData\Roaming\Code\User\globalStorage\redhat.java\1.17.0\config_win -data c:\Users\Siddharth Ray\AppData\Roaming\Code\User\workspaceStorage\64797772afeb7d9acb83384f75050922\redhat.java\jdt_ws

Host: Intel(R) Core(TM) i7-8700 CPU @ 3.20GHz, 12 cores, 15G,  Windows 10 , 64 bit Build 19041 (10.0.19041.2788)
Time: Tue Apr 25 21:09:42 2023 Pacific Daylight Time elapsed time: 0.065124 seconds (0d 0h 0m 0s)

---------------  T H R E A D  ---------------

Current thread (0x000001d99d139530):  JavaThread "main" [_thread_in_vm, id=17220, stack(0x0000007052a00000,0x0000007052b00000)]

Stack: [0x0000007052a00000,0x0000007052b00000]
Native frames: (J=compiled Java code, j=interpreted, Vv=VM code, C=native code)
V  [jvm.dll+0x67741a]
V  [jvm.dll+0x834434]
V  [jvm.dll+0x835bde]
V  [jvm.dll+0x836243]
V  [jvm.dll+0x2457b5]
V  [jvm.dll+0x8304cb]
V  [jvm.dll+0x61bca6]
V  [jvm.dll+0x61bd0a]
V  [jvm.dll+0x61e52a]
V  [jvm.dll+0x61c646]
V  [jvm.dll+0x239e4f]
V  [jvm.dll+0x626445]
V  [jvm.dll+0x1ea42b]
V  [jvm.dll+0x1ea965]
V  [jvm.dll+0x1eb39f]
V  [jvm.dll+0x1e0841]
V  [jvm.dll+0x53c6d0]
V  [jvm.dll+0x1f1017]
V  [jvm.dll+0x7aea1b]
V  [jvm.dll+0x7afdc2]
V  [jvm.dll+0x7b00f8]
V  [jvm.dll+0x23dbbe]
V  [jvm.dll+0x23de0f]
V  [jvm.dll+0x559d08]
V  [jvm.dll+0x55cbb7]
V  [jvm.dll+0x382ce4]
V  [jvm.dll+0x38234f]
C  0x000001d9a7309ca3

Java frames: (J=compiled Java code, j=interpreted, Vv=VM code)
j  java.nio.Buffer.<clinit>()V+22 java.base
v  ~StubRoutines::call_stub
j  sun.nio.cs.StreamEncoder.<init>(Ljava/io/OutputStream;Ljava/lang/Object;Ljava/nio/charset/CharsetEncoder;)V+42 java.base
j  sun.nio.cs.StreamEncoder.<init>(Ljava/io/OutputStream;Ljava/lang/Object;Ljava/nio/charset/Charset;)V+19 java.base
j  sun.nio.cs.StreamEncoder.forOutputStreamWriter(Ljava/io/OutputStream;Ljava/lang/Object;Ljava/nio/charset/Charset;)Lsun/nio/cs/StreamEncoder;+7 java.base
j  java.io.OutputStreamWriter.<init>(Ljava/io/OutputStream;)V+11 java.base
j  java.io.PrintStream.<init>(ZLjava/io/OutputStream;)V+26 java.base
j  java.io.PrintStream.<init>(Ljava/io/OutputStream;Z)V+11 java.base
j  java.lang.System.newPrintStream(Ljava/io/FileOutputStream;Ljava/lang/String;)Ljava/io/PrintStream;+42 java.base
j  java.lang.System.initPhase1()V+92 java.base
v  ~StubRoutines::call_stub

---------------  P R O C E S S  ---------------

Threads class SMR info:
_java_thread_list=0x000001d99d1e0b50, length=3, elements={
0x000001d99d139530, 0x000001d99d1e12d0, 0x000001d99d1f6c90
}

Java Threads: ( => current thread )
=>0x000001d99d139530 JavaThread "main" [_thread_in_vm, id=17220, stack(0x0000007052a00000,0x0000007052b00000)]
  0x000001d99d1e12d0 JavaThread "Reference Handler" daemon [_thread_blocked, id=8496, stack(0x0000007052d00000,0x0000007052e00000)]
  0x000001d99d1f6c90 JavaThread "Finalizer" daemon [_thread_blocked, id=15748, stack(0x0000007052e00000,0x0000007052f00000)]

Other Threads:
  0x000001d9b0faf4e0 VMThread "VM Thread" [stack: 0x0000007052c00000,0x0000007052d00000] [id=21496]
  0x000001d99d153350 GCTaskThread "GC Thread#0" [stack: 0x0000007052b00000,0x0000007052c00000] [id=1388]

Threads with active compile tasks:

VM state: not at safepoint (normal execution)

VM Mutex/Monitor currently owned by a thread:  ([mutex/lock_event])
[0x000001d99d133e40] Metaspace_lock - owner thread: 0x000001d99d139530

Heap address: 0x00000000c0000000, size: 1024 MB, Compressed Oops mode: 32-bit

CDS archive(s) not mapped
Compressed class space mapped at: 0x0000000100000000-0x0000000140000000, reserved size: 1073741824
Narrow klass base: 0x0000000000000000, Narrow klass shift: 3, Narrow klass range: 0x140000000

GC Precious Log:
 CPUs: 12 total, 12 available
 Memory: 16276M
 Large Page Support: Disabled
 NUMA Support: Disabled
 Compressed Oops: Enabled (32-bit)
 Alignments: Space 512K, Generation 512K, Heap 2M
 Heap Min Capacity: 100M
 Heap Initial Capacity: 100M
 Heap Max Capacity: 1G
 Pre-touch: Disabled
 Parallel Workers: 10

Heap:
 PSYoungGen      total 29696K, used 1024K [0x00000000eab00000, 0x00000000ecc00000, 0x0000000100000000)
  eden space 25600K, 4% used [0x00000000eab00000,0x00000000eac00138,0x00000000ec400000)
  from space 4096K, 0% used [0x00000000ec800000,0x00000000ec800000,0x00000000ecc00000)
  to   space 4096K, 0% used [0x00000000ec400000,0x00000000ec400000,0x00000000ec800000)
 ParOldGen       total 68608K, used 0K [0x00000000c0000000, 0x00000000c4300000, 0x00000000eab00000)
  object space 68608K, 0% used [0x00000000c0000000,0x00000000c0000000,0x00000000c4300000)
 Metaspace       used 2036K, committed 2048K, reserved 1056768K
  class space    used 180K, committed 192K, reserved 1048576K

Card table byte_map: [0x000001d99cae0000,0x000001d99ccf0000] _byte_map_base: 0x000001d99c4e0000

Marking Bits: (ParMarkBitMap*) 0x00007ffb096e3e70
 Begin Bits: [0x000001d9aedc0000, 0x000001d9afdc0000)
 End Bits:   [0x000001d9afdc0000, 0x000001d9b0dc0000)

Polling page: 0x000001d99afa0000

Metaspace:

Usage:
  Non-class:      1.81 MB used.
      Class:    180.24 KB used.
       Both:      1.99 MB used.

Virtual space:
  Non-class space:        8.00 MB reserved,       1.81 MB ( 23%) committed,  1 nodes.
      Class space:        1.00 GB reserved,     192.00 KB ( <1%) committed,  1 nodes.
             Both:        1.01 GB reserved,       2.00 MB ( <1%) committed. 

Chunk freelists:
   Non-Class:  0 bytes
       Class:  3.75 MB
        Both:  3.75 MB

MaxMetaspaceSize: unlimited
CompressedClassSpaceSize: 1.00 GB
Initial GC threshold: 21.00 MB
Current GC threshold: 17179869184.00 GB
CDS: off
MetaspaceReclaimPolicy: balanced
 - commit_granule_bytes: 65536.
 - commit_granule_words: 8192.
 - virtual_space_node_default_size: 1048576.
 - enlarge_chunks_in_place: 1.
 - new_chunks_are_fully_committed: 0.
 - uncommit_free_chunks: 1.
 - use_allocation_guard: 0.
 - handle_deallocations: 1.


Internal statistics:

num_allocs_failed_limit: 0.
num_arena_births: 2.
num_arena_deaths: 0.
num_vsnodes_births: 2.
num_vsnodes_deaths: 0.
num_space_committed: 32.
num_space_uncommitted: 0.
num_chunks_returned_to_freelist: 0.
num_chunks_taken_from_freelist: 3.
num_chunk_merges: 0.
num_chunk_splits: 1.
num_chunks_enlarged: 0.
num_purges: 0.
num_inconsistent_stats: 0.

CodeHeap 'non-profiled nmethods': size=120000Kb used=0Kb max_used=0Kb free=120000Kb
 bounds [0x000001d9a7890000, 0x000001d9a7b00000, 0x000001d9aedc0000]
CodeHeap 'profiled nmethods': size=120000Kb used=0Kb max_used=0Kb free=120000Kb
 bounds [0x000001d99fdc0000, 0x000001d9a0030000, 0x000001d9a72f0000]
CodeHeap 'non-nmethods': size=5760Kb used=376Kb max_used=376Kb free=5383Kb
 bounds [0x000001d9a72f0000, 0x000001d9a7560000, 0x000001d9a7890000]
 total_blobs=172 nmethods=0 adapters=145
 compilation: enabled
              stopped_count=0, restarted_count=0
 full_count=0

Compilation events (0 events):
No events

GC Heap History (0 events):
No events

Dll operation events (1 events):
Event: 0.007 Loaded shared library c:\Users\Siddharth Ray\.vscode\extensions\redhat.java-1.17.0-win32-x64\jre\17.0.6-win32-x86_64\bin\java.dll

Deoptimization events (0 events):
No events

Classes unloaded (0 events):
No events

Classes redefined (0 events):
No events

Internal exceptions (0 events):
No events

VM Operations (0 events):
No events

Events (20 events):
Event: 0.062 loading class sun/nio/cs/US_ASCII done
Event: 0.062 loading class java/nio/charset/StandardCharsets
Event: 0.062 loading class java/nio/charset/StandardCharsets done
Event: 0.062 loading class sun/nio/cs/UTF_16BE
Event: 0.062 loading class sun/nio/cs/UTF_16BE done
Event: 0.062 loading class sun/nio/cs/UTF_16LE
Event: 0.062 loading class sun/nio/cs/UTF_16LE done
Event: 0.063 loading class sun/nio/cs/UTF_16
Event: 0.063 loading class sun/nio/cs/UTF_16 done
Event: 0.063 loading class sun/nio/cs/StreamEncoder
Event: 0.063 loading class sun/nio/cs/StreamEncoder done
Event: 0.063 loading class sun/nio/cs/UTF_8$Encoder
Event: 0.063 loading class java/nio/charset/CharsetEncoder
Event: 0.063 loading class java/nio/charset/CharsetEncoder done
Event: 0.063 loading class sun/nio/cs/UTF_8$Encoder done
Event: 0.063 loading class java/nio/charset/CodingErrorAction
Event: 0.063 loading class java/nio/charset/CodingErrorAction done
Event: 0.063 loading class java/nio/ByteBuffer
Event: 0.063 loading class java/nio/ByteBuffer done
Event: 0.063 loading class jdk/internal/misc/ScopedMemoryAccess


Dynamic libraries:
0x00007ff7b29b0000 - 0x00007ff7b29be000 	c:\Users\Siddharth Ray\.vscode\extensions\redhat.java-1.17.0-win32-x64\jre\17.0.6-win32-x86_64\bin\java.exe
0x00007ffb89450000 - 0x00007ffb89648000 	C:\WINDOWS\SYSTEM32\ntdll.dll
0x00007ffb88590000 - 0x00007ffb8864f000 	C:\WINDOWS\System32\KERNEL32.DLL
0x00007ffb87140000 - 0x00007ffb8741a000 	C:\WINDOWS\System32\KERNELBASE.dll
0x00007ffb86e80000 - 0x00007ffb86f80000 	C:\WINDOWS\System32\ucrtbase.dll
0x00007ffb71600000 - 0x00007ffb71619000 	c:\Users\Siddharth Ray\.vscode\extensions\redhat.java-1.17.0-win32-x64\jre\17.0.6-win32-x86_64\bin\VCRUNTIME140.dll
0x00007ffb6a1f0000 - 0x00007ffb6a207000 	c:\Users\Siddharth Ray\.vscode\extensions\redhat.java-1.17.0-win32-x64\jre\17.0.6-win32-x86_64\bin\jli.dll
0x00007ffb88680000 - 0x00007ffb8881d000 	C:\WINDOWS\System32\USER32.dll
0x00007ffb86b60000 - 0x00007ffb86b82000 	C:\WINDOWS\System32\win32u.dll
0x00007ffb6e0a0000 - 0x00007ffb6e33a000 	C:\WINDOWS\WinSxS\amd64_microsoft.windows.common-controls_6595b64144ccf1df_6.0.19041.1110_none_60b5254171f9507e\COMCTL32.dll
0x00007ffb88650000 - 0x00007ffb8867b000 	C:\WINDOWS\System32\GDI32.dll
0x00007ffb87590000 - 0x00007ffb8762e000 	C:\WINDOWS\System32\msvcrt.dll
0x00007ffb86f80000 - 0x00007ffb87090000 	C:\WINDOWS\System32\gdi32full.dll
0x00007ffb86b90000 - 0x00007ffb86c2d000 	C:\WINDOWS\System32\msvcp_win.dll
0x00007ffb874b0000 - 0x00007ffb874e0000 	C:\WINDOWS\System32\IMM32.DLL
0x00007ffb822e0000 - 0x00007ffb822ec000 	c:\Users\Siddharth Ray\.vscode\extensions\redhat.java-1.17.0-win32-x64\jre\17.0.6-win32-x86_64\bin\vcruntime140_1.dll
0x00007ffb4b000000 - 0x00007ffb4b091000 	c:\Users\Siddharth Ray\.vscode\extensions\redhat.java-1.17.0-win32-x64\jre\17.0.6-win32-x86_64\bin\msvcp140.dll
0x00007ffb08b60000 - 0x00007ffb097a7000 	c:\Users\Siddharth Ray\.vscode\extensions\redhat.java-1.17.0-win32-x64\jre\17.0.6-win32-x86_64\bin\server\jvm.dll
0x00007ffb88ef0000 - 0x00007ffb88f9e000 	C:\WINDOWS\System32\ADVAPI32.dll
0x00007ffb88fa0000 - 0x00007ffb8903c000 	C:\WINDOWS\System32\sechost.dll
0x00007ffb882b0000 - 0x00007ffb883d6000 	C:\WINDOWS\System32\RPCRT4.dll
0x00007ffb823d0000 - 0x00007ffb823f7000 	C:\WINDOWS\SYSTEM32\WINMM.dll
0x00007ffb81ba0000 - 0x00007ffb81ba9000 	C:\WINDOWS\SYSTEM32\WSOCK32.dll
0x00007ffb82650000 - 0x00007ffb8265a000 	C:\WINDOWS\SYSTEM32\VERSION.dll
0x00007ffb89040000 - 0x00007ffb890ab000 	C:\WINDOWS\System32\WS2_32.dll
0x00007ffb84a20000 - 0x00007ffb84a32000 	C:\WINDOWS\SYSTEM32\kernel.appcore.dll
0x00007ffb7fa00000 - 0x00007ffb7fa0a000 	c:\Users\Siddharth Ray\.vscode\extensions\redhat.java-1.17.0-win32-x64\jre\17.0.6-win32-x86_64\bin\jimage.dll
0x00007ffb80be0000 - 0x00007ffb80dc4000 	C:\WINDOWS\SYSTEM32\DBGHELP.DLL
0x00007ffb80b40000 - 0x00007ffb80b74000 	C:\WINDOWS\SYSTEM32\dbgcore.DLL
0x00007ffb87420000 - 0x00007ffb874a2000 	C:\WINDOWS\System32\bcryptPrimitives.dll
0x00007ffb7a530000 - 0x00007ffb7a53e000 	c:\Users\Siddharth Ray\.vscode\extensions\redhat.java-1.17.0-win32-x64\jre\17.0.6-win32-x86_64\bin\instrument.dll
0x00007ffb5f480000 - 0x00007ffb5f4a5000 	c:\Users\Siddharth Ray\.vscode\extensions\redhat.java-1.17.0-win32-x64\jre\17.0.6-win32-x86_64\bin\java.dll
0x00007ffb5e570000 - 0x00007ffb5e588000 	c:\Users\Siddharth Ray\.vscode\extensions\redhat.java-1.17.0-win32-x64\jre\17.0.6-win32-x86_64\bin\zip.dll
0x00007ffb87880000 - 0x00007ffb87fc4000 	C:\WINDOWS\System32\SHELL32.dll
0x00007ffb84c20000 - 0x00007ffb853b3000 	C:\WINDOWS\SYSTEM32\windows.storage.dll
0x00007ffb890b0000 - 0x00007ffb89404000 	C:\WINDOWS\System32\combase.dll
0x00007ffb865c0000 - 0x00007ffb865ee000 	C:\WINDOWS\SYSTEM32\Wldp.dll
0x00007ffb87630000 - 0x00007ffb876dd000 	C:\WINDOWS\System32\SHCORE.dll
0x00007ffb88250000 - 0x00007ffb882a5000 	C:\WINDOWS\System32\shlwapi.dll
0x00007ffb86aa0000 - 0x00007ffb86abf000 	C:\WINDOWS\SYSTEM32\profapi.dll

dbghelp: loaded successfully - version: 4.0.5 - missing functions: none
symbol engine: initialized successfully - sym options: 0x614 - pdb path: .;c:\Users\Siddharth Ray\.vscode\extensions\redhat.java-1.17.0-win32-x64\jre\17.0.6-win32-x86_64\bin;C:\WINDOWS\SYSTEM32;C:\WINDOWS\WinSxS\amd64_microsoft.windows.common-controls_6595b64144ccf1df_6.0.19041.1110_none_60b5254171f9507e;c:\Users\Siddharth Ray\.vscode\extensions\redhat.java-1.17.0-win32-x64\jre\17.0.6-win32-x86_64\bin\server

VM Arguments:
jvm_args: --add-modules=ALL-SYSTEM --add-opens=java.base/java.util=ALL-UNNAMED --add-opens=java.base/java.lang=ALL-UNNAMED --add-opens=java.base/sun.nio.fs=ALL-UNNAMED -Declipse.application=org.eclipse.jdt.ls.core.id1 -Dosgi.bundles.defaultStartLevel=4 -Declipse.product=org.eclipse.jdt.ls.core.product -Djava.import.generatesMetadataFilesAtProjectRoot=false -Dfile.encoding=utf8 -XX:+UseParallelGC -XX:GCTimeRatio=4 -XX:AdaptiveSizePolicyWeight=90 -Dsun.zip.disableMemoryMapping=true -Xmx1G -Xms100m -Xlog:disable -javaagent:c:\Users\Siddharth Ray\.vscode\extensions\redhat.java-1.17.0-win32-x64\lombok\lombok-1.18.24.jar -XX:+HeapDumpOnOutOfMemoryError -XX:HeapDumpPath=c:\Users\Siddharth Ray\AppData\Roaming\Code\User\workspaceStorage\64797772afeb7d9acb83384f75050922\redhat.java -Daether.dependencyCollector.impl=bf 
java_command: c:\Users\Siddharth Ray\.vscode\extensions\redhat.java-1.17.0-win32-x64\server\plugins\org.eclipse.equinox.launcher_1.6.400.v20210924-0641.jar -configuration c:\Users\Siddharth Ray\AppData\Roaming\Code\User\globalStorage\redhat.java\1.17.0\config_win -data c:\Users\Siddharth Ray\AppData\Roaming\Code\User\workspaceStorage\64797772afeb7d9acb83384f75050922\redhat.java\jdt_ws
java_class_path (initial): c:\Users\Siddharth Ray\.vscode\extensions\redhat.java-1.17.0-win32-x64\server\plugins\org.eclipse.equinox.launcher_1.6.400.v20210924-0641.jar
Launcher Type: SUN_STANDARD

[Global flags]
    uintx AdaptiveSizePolicyWeight                 = 90                                        {product} {command line}
     intx CICompilerCount                          = 4                                         {product} {ergonomic}
    uintx GCTimeRatio                              = 4                                         {product} {command line}
     bool HeapDumpOnOutOfMemoryError               = true                                   {manageable} {command line}
    ccstr HeapDumpPath                             = c:\Users\Siddharth Ray\AppData\Roaming\Code\User\workspaceStorage\64797772afeb7d9acb83384f75050922\redhat.java         {manageable} {command line}
   size_t InitialHeapSize                          = 104857600                                 {product} {command line}
   size_t MaxHeapSize                              = 1073741824                                {product} {command line}
   size_t MaxNewSize                               = 357564416                                 {product} {ergonomic}
   size_t MinHeapDeltaBytes                        = 524288                                    {product} {ergonomic}
   size_t MinHeapSize                              = 104857600                                 {product} {command line}
   size_t NewSize                                  = 34603008                                  {product} {ergonomic}
    uintx NonNMethodCodeHeapSize                   = 5839372                                {pd product} {ergonomic}
    uintx NonProfiledCodeHeapSize                  = 122909434                              {pd product} {ergonomic}
   size_t OldSize                                  = 70254592                                  {product} {ergonomic}
    uintx ProfiledCodeHeapSize                     = 122909434                              {pd product} {ergonomic}
    uintx ReservedCodeCacheSize                    = 251658240                              {pd product} {ergonomic}
     bool SegmentedCodeCache                       = true                                      {product} {ergonomic}
   size_t SoftMaxHeapSize                          = 1073741824                             {manageable} {ergonomic}
     bool UseCompressedClassPointers               = true                           {product lp64_product} {ergonomic}
     bool UseCompressedOops                        = true                           {product lp64_product} {ergonomic}
     bool UseLargePagesIndividualAllocation        = false                                  {pd product} {ergonomic}
     bool UseParallelGC                            = true                                      {product} {command line}

Logging:
Log output configuration:
 #0: stdout all=off uptime,level,tags
 #1: stderr all=off uptime,level,tags

Environment Variables:
JAVA_HOME=C:\Users\Siddharth Ray\AppData\Local\Programs\AdoptOpenJDK\
PATH=C:\Program Files\NVIDIA GPU Computing Toolkit\CUDA\v10.1\bin;C:\Program Files\NVIDIA GPU Computing Toolkit\CUDA\v10.1\libnvvp;C:\Program Files\NVIDIA GPU Computing Toolkit\CUDA\v10.2\bin;C:\Program Files\NVIDIA GPU Computing Toolkit\CUDA\v10.2\libnvvp;C:\Program Files (x86)\Common Files\Oracle\Java\javapath;C:\Program Files (x86)\Intel\Intel(R) Management Engine Components\iCLS\;C:\Program Files\Intel\Intel(R) Management Engine Components\iCLS\;C:\Windows\system32;C:\Windows;C:\Windows\System32\Wbem;C:\Windows\System32\WindowsPowerShell\v1.0\;C:\Windows\System32\OpenSSH\;C:\Program Files (x86)\Intel\Intel(R) Management Engine Components\DAL;C:\Program Files\Intel\Intel(R) Management Engine Components\DAL;C:\Program Files (x86)\NVIDIA Corporation\PhysX\Common;C:\Program Files\NVIDIA Corporation\NVIDIA NvDLISR;C:\Program Files\PuTTY\;C:\Program Files\Git\cmd;C:\WINDOWS\system32;C:\WINDOWS;C:\WINDOWS\System32\Wbem;C:\WINDOWS\System32\WindowsPowerShell\v1.0\;C:\WINDOWS\System32\OpenSSH\;C:\Program Files\NVIDIA Corporation\Nsight Compute 2019.4.0\;C:\Program Files (x86)\WiX Toolset v3.11\bin;vs_community__662316165.1564532557__rid.30012;;C:\WINDOWS\system32;C:\WINDOWS;C:\WINDOWS\System32\Wbem;C:\WINDOWS\System32\WindowsPowerShell\v1.0\;C:\WINDOWS\System32\OpenSSH\;C:\Program Files\WorldPainter;C:\Program Files\dotnet\;C:\Program Files\nodejs\;C:\Users\Siddharth Ray\AppData\Local\Programs\AdoptOpenJDK\bin;C:\Users\Siddharth Ray\AppData\Local\Programs\Python\Python38\Scripts\;C:\Users\Siddharth Ray\AppData\Local\Programs\Python\Python38\;C:\Users\Siddharth Ray\Python\Scripts\;C:\Users\Siddharth Ray\Python\;C:\Users\Siddharth Ray\AppData\Local\Microsoft\WindowsApps;C:\Users\Siddharth Ray\Documents\cmake-3.15.1-win64-x64\bin;C:\Users\Siddharth Ray\PycharmProjects\untitled\venv\Scripts;C:\flutter\flutter\bin;C:\Users\Siddharth Ray\AppData\Local\Programs\Microsoft VS Code\bin;C:\Users\Siddharth Ray\go\bin;C:\Windows\System32\wget\bin;C:\Users\Siddharth Ray\AppData\Local\GitH
USERNAME=Siddharth Ray
OS=Windows_NT
PROCESSOR_IDENTIFIER=Intel64 Family 6 Model 158 Stepping 10, GenuineIntel
TMP=C:\Users\SIDDHA~1\AppData\Local\Temp
TEMP=C:\Users\SIDDHA~1\AppData\Local\Temp



---------------  S Y S T E M  ---------------

OS:
 Windows 10 , 64 bit Build 19041 (10.0.19041.2788)
OS uptime: 12 days 19:33 hours

CPU: total 12 (initial active 12) (6 cores per cpu, 2 threads per core) family 6 model 158 stepping 10 microcode 0xb4, cx8, cmov, fxsr, ht, mmx, 3dnowpref, sse, sse2, sse3, ssse3, sse4.1, sse4.2, popcnt, lzcnt, tsc, tscinvbit, avx, avx2, aes, erms, clmul, bmi1, bmi2, rtm, adx, fma, vzeroupper, clflush, clflushopt

Memory: 4k page, system-wide physical 16276M (2683M free)
TotalPageFile size 20276M (AvailPageFile size 5M)
current process WorkingSet (physical memory assigned to process): 20M, peak: 20M
current process commit charge ("private bytes"): 184M, peak: 184M

vm_info: OpenJDK 64-Bit Server VM (17.0.6+10) for windows-amd64 JRE (17.0.6+10), built on Jan 18 2023 10:08:59 by "temurin" with MS VC++ 16.7 (VS2019)

END.
